[18:05:40] [Client thread/INFO]: Setting user: Player380
[18:05:43] [Client thread/WARN]: Skipping bad option: lastServer:
[18:05:43] [Client thread/INFO]: LWJGL Version: 2.9.4
[18:05:45] [Client thread/INFO]: Reloading ResourceManager: Default, FMLFileResourcePack:Forge Mod Loader, FMLFileResourcePack:Minecraft Forge, FMLFileResourcePack:brettsmod, FMLFileResourcePack:Example Mod, FMLFileResourcePack:Brandon's Core, FMLFileResourcePack:CJCore, FMLFileResourcePack:CodeChicken Lib, FMLFileResourcePack:ccl-entityhook
[18:05:47] [Client thread/WARN]: Invalid sounds.json
java.lang.NullPointerException
	at net.minecraft.client.audio.SoundHandler.onResourceManagerReload(SoundHandler.java:79) [SoundHandler.class:?]
	at net.minecraft.client.resources.SimpleReloadableResourceManager.registerReloadListener(SimpleReloadableResourceManager.java:122) [SimpleReloadableResourceManager.class:?]
	at net.minecraft.client.Minecraft.startGame(Minecraft.java:484) [Minecraft.class:?]
	at net.minecraft.client.Minecraft.run(Minecraft.java:386) [Minecraft.class:?]
	at net.minecraft.client.main.Main.main(Main.java:118) [Main.class:?]
	at sun.reflect.NativeMethodAccessorImpl.invoke0(Native Method) ~[?:1.8.0_161]
	at sun.reflect.NativeMethodAccessorImpl.invoke(Unknown Source) ~[?:1.8.0_161]
	at sun.reflect.DelegatingMethodAccessorImpl.invoke(Unknown Source) ~[?:1.8.0_161]
	at java.lang.reflect.Method.invoke(Unknown Source) ~[?:1.8.0_161]
	at net.minecraft.launchwrapper.Launch.launch(Launch.java:135) [launchwrapper-1.12.jar:?]
	at net.minecraft.launchwrapper.Launch.main(Launch.java:28) [launchwrapper-1.12.jar:?]
	at sun.reflect.NativeMethodAccessorImpl.invoke0(Native Method) ~[?:1.8.0_161]
	at sun.reflect.NativeMethodAccessorImpl.invoke(Unknown Source) ~[?:1.8.0_161]
	at sun.reflect.DelegatingMethodAccessorImpl.invoke(Unknown Source) ~[?:1.8.0_161]
	at java.lang.reflect.Method.invoke(Unknown Source) ~[?:1.8.0_161]
	at net.minecraftforge.gradle.GradleStartCommon.launch(GradleStartCommon.java:97) [start/:?]
	at GradleStart.main(GradleStart.java:26) [start/:?]
[18:05:47] [Sound Library Loader/INFO]: Starting up SoundSystem...
[18:05:48] [Thread-8/INFO]: Initializing LWJGL OpenAL
[18:05:48] [Thread-8/INFO]: (The LWJGL binding of OpenAL.  For more information, see http://www.lwjgl.org)
[18:05:48] [Thread-8/INFO]: OpenAL initialized.
[18:05:48] [Sound Library Loader/INFO]: Sound engine started
[18:05:50] [Client thread/INFO]: Created: 16x16 textures-atlas
[18:05:51] [Client thread/INFO]: Reloading ResourceManager: Default, FMLFileResourcePack:Forge Mod Loader, FMLFileResourcePack:Minecraft Forge, FMLFileResourcePack:brettsmod, FMLFileResourcePack:Example Mod, FMLFileResourcePack:Brandon's Core, FMLFileResourcePack:CJCore, FMLFileResourcePack:CodeChicken Lib, FMLFileResourcePack:ccl-entityhook
[18:05:52] [Client thread/WARN]: Invalid sounds.json
java.lang.NullPointerException
	at net.minecraft.client.audio.SoundHandler.onResourceManagerReload(SoundHandler.java:79) [SoundHandler.class:?]
	at net.minecraft.client.resources.SimpleReloadableResourceManager.notifyReloadListeners(SimpleReloadableResourceManager.java:132) [SimpleReloadableResourceManager.class:?]
	at net.minecraft.client.resources.SimpleReloadableResourceManager.reloadResources(SimpleReloadableResourceManager.java:113) [SimpleReloadableResourceManager.class:?]
	at net.minecraft.client.Minecraft.refreshResources(Minecraft.java:799) [Minecraft.class:?]
	at net.minecraftforge.fml.client.FMLClientHandler.finishMinecraftLoading(FMLClientHandler.java:350) [FMLClientHandler.class:?]
	at net.minecraft.client.Minecraft.startGame(Minecraft.java:561) [Minecraft.class:?]
	at net.minecraft.client.Minecraft.run(Minecraft.java:386) [Minecraft.class:?]
	at net.minecraft.client.main.Main.main(Main.java:118) [Main.class:?]
	at sun.reflect.NativeMethodAccessorImpl.invoke0(Native Method) ~[?:1.8.0_161]
	at sun.reflect.NativeMethodAccessorImpl.invoke(Unknown Source) ~[?:1.8.0_161]
	at sun.reflect.DelegatingMethodAccessorImpl.invoke(Unknown Source) ~[?:1.8.0_161]
	at java.lang.reflect.Method.invoke(Unknown Source) ~[?:1.8.0_161]
	at net.minecraft.launchwrapper.Launch.launch(Launch.java:135) [launchwrapper-1.12.jar:?]
	at net.minecraft.launchwrapper.Launch.main(Launch.java:28) [launchwrapper-1.12.jar:?]
	at sun.reflect.NativeMethodAccessorImpl.invoke0(Native Method) ~[?:1.8.0_161]
	at sun.reflect.NativeMethodAccessorImpl.invoke(Unknown Source) ~[?:1.8.0_161]
	at sun.reflect.DelegatingMethodAccessorImpl.invoke(Unknown Source) ~[?:1.8.0_161]
	at java.lang.reflect.Method.invoke(Unknown Source) ~[?:1.8.0_161]
	at net.minecraftforge.gradle.GradleStartCommon.launch(GradleStartCommon.java:97) [start/:?]
	at GradleStart.main(GradleStart.java:26) [start/:?]
[18:05:52] [Client thread/INFO]: SoundSystem shutting down...
[18:05:53] [Client thread/WARN]: Author: Paul Lamb, www.paulscode.com
[18:05:53] [Sound Library Loader/INFO]: Starting up SoundSystem...
[18:05:53] [Thread-10/INFO]: Initializing LWJGL OpenAL
[18:05:53] [Thread-10/INFO]: (The LWJGL binding of OpenAL.  For more information, see http://www.lwjgl.org)
[18:05:53] [Thread-10/INFO]: OpenAL initialized.
[18:05:53] [Sound Library Loader/INFO]: Sound engine started
[18:05:55] [Client thread/INFO]: Created: 512x512 textures-atlas
[18:05:56] [Client thread/WARN]: Skipping bad option: lastServer:
[18:06:00] [Server thread/INFO]: Starting integrated minecraft server version 1.10.2
[18:06:00] [Server thread/INFO]: Generating keypair
[18:06:00] [Server thread/INFO]: Preparing start region for level 0
[18:06:02] [Server thread/INFO]: Changing view distance to 12, from 10
[18:06:02] [Server thread/INFO]: Player380[local:E:cd14f1a0] logged in with entity id 475 at (232.63909623482925, 80.12803292498336, -66.48200936324237)
[18:06:02] [Server thread/INFO]: Player380 joined the game
[18:06:03] [Server thread/INFO]: Saving and pausing game...
[18:06:03] [Server thread/INFO]: Saving chunks for level 'New World'/Overworld
[18:06:03] [Client thread/INFO]: [CHAT] §fThere is an update for §6CJCore§f available!
[18:06:03] [Client thread/INFO]: [CHAT] §fCurrent Version: §40.0.1.5§f, newest Version: §20.0.2.5
[18:06:03] [Client thread/INFO]: [CHAT] §f[§3Click To Download§f]
[18:06:03] [Client thread/INFO]: [CHAT] §b=Optimised Packets
[18:06:03] [Server thread/INFO]: Saving chunks for level 'New World'/Nether
[18:06:03] [Server thread/INFO]: Saving chunks for level 'New World'/The End
[18:06:03] [pool-2-thread-1/WARN]: Couldn't look up profile properties for com.mojang.authlib.GameProfile@219ec8f5[id=b5e415c2-d8ef-3eff-a3b7-e89aed71ee14,name=Player380,properties={},legacy=false]
com.mojang.authlib.exceptions.AuthenticationException: The client has sent too many requests within a certain amount of time
	at com.mojang.authlib.yggdrasil.YggdrasilAuthenticationService.makeRequest(YggdrasilAuthenticationService.java:65) ~[YggdrasilAuthenticationService.class:?]
	at com.mojang.authlib.yggdrasil.YggdrasilMinecraftSessionService.fillGameProfile(YggdrasilMinecraftSessionService.java:175) [YggdrasilMinecraftSessionService.class:?]
	at com.mojang.authlib.yggdrasil.YggdrasilMinecraftSessionService$1.load(YggdrasilMinecraftSessionService.java:59) [YggdrasilMinecraftSessionService$1.class:?]
	at com.mojang.authlib.yggdrasil.YggdrasilMinecraftSessionService$1.load(YggdrasilMinecraftSessionService.java:56) [YggdrasilMinecraftSessionService$1.class:?]
	at com.google.common.cache.LocalCache$LoadingValueReference.loadFuture(LocalCache.java:3524) [guava-17.0.jar:?]
	at com.google.common.cache.LocalCache$Segment.loadSync(LocalCache.java:2317) [guava-17.0.jar:?]
	at com.google.common.cache.LocalCache$Segment.lockedGetOrLoad(LocalCache.java:2280) [guava-17.0.jar:?]
	at com.google.common.cache.LocalCache$Segment.get(LocalCache.java:2195) [guava-17.0.jar:?]
	at com.google.common.cache.LocalCache.get(LocalCache.java:3934) [guava-17.0.jar:?]
	at com.google.common.cache.LocalCache.getOrLoad(LocalCache.java:3938) [guava-17.0.jar:?]
	at com.google.common.cache.LocalCache$LocalLoadingCache.get(LocalCache.java:4821) [guava-17.0.jar:?]
	at com.google.common.cache.LocalCache$LocalLoadingCache.getUnchecked(LocalCache.java:4827) [guava-17.0.jar:?]
	at com.mojang.authlib.yggdrasil.YggdrasilMinecraftSessionService.fillProfileProperties(YggdrasilMinecraftSessionService.java:165) [YggdrasilMinecraftSessionService.class:?]
	at net.minecraft.client.Minecraft.getProfileProperties(Minecraft.java:3060) [Minecraft.class:?]
	at net.minecraft.client.resources.SkinManager$3.run(SkinManager.java:131) [SkinManager$3.class:?]
	at java.util.concurrent.Executors$RunnableAdapter.call(Unknown Source) [?:1.8.0_161]
	at java.util.concurrent.FutureTask.run(Unknown Source) [?:1.8.0_161]
	at java.util.concurrent.ThreadPoolExecutor.runWorker(Unknown Source) [?:1.8.0_161]
	at java.util.concurrent.ThreadPoolExecutor$Worker.run(Unknown Source) [?:1.8.0_161]
	at java.lang.Thread.run(Unknown Source) [?:1.8.0_161]
[18:06:07] [Realms Notification Availability checker #1/INFO]: Could not authorize you against Realms server: Invalid session id
[18:06:10] [Server thread/INFO]: Player380 has just earned the achievement [Taking Inventory]
[18:06:10] [Client thread/INFO]: [CHAT] Player380 has just earned the achievement [Taking Inventory]
[18:06:54] [Client thread/INFO]: Stopping!
[18:06:54] [Client thread/INFO]: SoundSystem shutting down...
[18:06:54] [Server thread/INFO]: Stopping server
[18:06:54] [Server thread/INFO]: Saving players
[18:06:54] [Server thread/INFO]: Saving worlds
[18:06:54] [Server thread/INFO]: Saving chunks for level 'New World'/Overworld
[18:06:54] [Server thread/INFO]: Saving chunks for level 'New World'/Nether
[18:06:54] [Server thread/INFO]: Saving chunks for level 'New World'/The End
[18:06:54] [Client thread/WARN]: Author: Paul Lamb, www.paulscode.com
[18:06:54] [Client Shutdown Thread/INFO]: Stopping server
[18:06:54] [Client Shutdown Thread/INFO]: Saving players
[18:06:54] [Client Shutdown Thread/INFO]: Saving worlds
[18:06:54] [Client Shutdown Thread/INFO]: Saving chunks for level 'New World'/Overworld
